=== Build 1769121845447 ===
All Files
  src/main/java/com/ogabassey/contactscleaner/CleanContactsApp.kt
  src/main/java/com/ogabassey/contactscleaner/MainActivity.kt
  src/main/java/com/ogabassey/contactscleaner/data/db/ContactDatabase.kt
  src/main/java/com/ogabassey/contactscleaner/data/db/dao/ContactDao.kt
  src/main/java/com/ogabassey/contactscleaner/data/db/dao/UndoDao.kt
  src/main/java/com/ogabassey/contactscleaner/data/db/entity/LocalContact.kt
  src/main/java/com/ogabassey/contactscleaner/data/db/entity/UndoLog.kt
  src/main/java/com/ogabassey/contactscleaner/data/detector/DuplicateDetector.kt
  src/main/java/com/ogabassey/contactscleaner/data/detector/FormatDetector.kt
  src/main/java/com/ogabassey/contactscleaner/data/detector/JunkDetector.kt
  src/main/java/com/ogabassey/contactscleaner/data/parser/ContactImportParser.kt
  src/main/java/com/ogabassey/contactscleaner/data/repository/BackupRepositoryImpl.kt
  src/main/java/com/ogabassey/contactscleaner/data/repository/ContactRepositoryImpl.kt
  src/main/java/com/ogabassey/contactscleaner/data/repository/FileServiceImpl.kt
  src/main/java/com/ogabassey/contactscleaner/data/repository/RevenueCatBillingRepository.kt
  src/main/java/com/ogabassey/contactscleaner/data/repository/ScanSettingsRepository.kt
  src/main/java/com/ogabassey/contactscleaner/data/source/ContactsProviderSource.kt
  src/main/java/com/ogabassey/contactscleaner/data/util/ScanResultProvider.kt
  src/main/java/com/ogabassey/contactscleaner/data/worker/ContactSyncWorker.kt
  src/main/java/com/ogabassey/contactscleaner/di/AppModule.kt
  src/main/java/com/ogabassey/contactscleaner/di/DataModule.kt
  src/main/java/com/ogabassey/contactscleaner/domain/model/Billing.kt
  src/main/java/com/ogabassey/contactscleaner/domain/model/CleanupStatus.kt
  src/main/java/com/ogabassey/contactscleaner/domain/model/Contact.kt
  src/main/java/com/ogabassey/contactscleaner/domain/model/Resource.kt
  src/main/java/com/ogabassey/contactscleaner/domain/model/ScanStatus.kt
  src/main/java/com/ogabassey/contactscleaner/domain/repository/BackupRepository.kt
  src/main/java/com/ogabassey/contactscleaner/domain/repository/BillingRepository.kt
  src/main/java/com/ogabassey/contactscleaner/domain/repository/ContactRepository.kt
  src/main/java/com/ogabassey/contactscleaner/domain/repository/FileService.kt
  src/main/java/com/ogabassey/contactscleaner/domain/usecase/CleanupContactsUseCase.kt
  src/main/java/com/ogabassey/contactscleaner/domain/usecase/ExportUseCase.kt
  src/main/java/com/ogabassey/contactscleaner/domain/usecase/GetContactsPagedUseCase.kt
  src/main/java/com/ogabassey/contactscleaner/domain/usecase/ImportContactsUseCase.kt
  src/main/java/com/ogabassey/contactscleaner/domain/usecase/ScanContactsUseCase.kt
  src/main/java/com/ogabassey/contactscleaner/domain/usecase/UndoUseCase.kt
  src/main/java/com/ogabassey/contactscleaner/ui/components/Glassy.kt
  src/main/java/com/ogabassey/contactscleaner/ui/dashboard/DashboardScreen.kt
  src/main/java/com/ogabassey/contactscleaner/ui/dashboard/DashboardViewModel.kt
  src/main/java/com/ogabassey/contactscleaner/ui/history/RecentActionsScreen.kt
  src/main/java/com/ogabassey/contactscleaner/ui/history/RecentActionsViewModel.kt
  src/main/java/com/ogabassey/contactscleaner/ui/navigation/AppNavigation.kt
  src/main/java/com/ogabassey/contactscleaner/ui/paywall/PaywallScreen.kt
  src/main/java/com/ogabassey/contactscleaner/ui/paywall/PaywallViewModel.kt
  src/main/java/com/ogabassey/contactscleaner/ui/paywall/Skeleton.kt
  src/main/java/com/ogabassey/contactscleaner/ui/results/ResultComponents.kt
  src/main/java/com/ogabassey/contactscleaner/ui/results/ResultsViewModel.kt
  src/main/java/com/ogabassey/contactscleaner/ui/results/ScanResultsDetailScreen.kt
  src/main/java/com/ogabassey/contactscleaner/ui/results/ScanResultsScreen.kt
  src/main/java/com/ogabassey/contactscleaner/ui/theme/Color.kt
  src/main/java/com/ogabassey/contactscleaner/ui/theme/Theme.kt
  src/main/java/com/ogabassey/contactscleaner/ui/theme/Type.kt
  src/main/java/com/ogabassey/contactscleaner/ui/tools/ExportScreen.kt
  src/main/java/com/ogabassey/contactscleaner/ui/tools/ExportViewModel.kt
  src/main/java/com/ogabassey/contactscleaner/ui/tools/NumberStandardizerScreen.kt
  build/generated/source/buildConfig/debug/com/ogabassey/contactscleaner/BuildConfig.java
Modified
Removed
Disappeared Outputs
Affected By CP
Affected By new syms
Affected By sealed
CP changes
Dirty:
  src/main/java/com/ogabassey/contactscleaner/CleanContactsApp.kt
  src/main/java/com/ogabassey/contactscleaner/MainActivity.kt
  src/main/java/com/ogabassey/contactscleaner/data/db/ContactDatabase.kt
  src/main/java/com/ogabassey/contactscleaner/data/db/dao/ContactDao.kt
  src/main/java/com/ogabassey/contactscleaner/data/db/dao/UndoDao.kt
  src/main/java/com/ogabassey/contactscleaner/data/db/entity/LocalContact.kt
  src/main/java/com/ogabassey/contactscleaner/data/db/entity/UndoLog.kt
  src/main/java/com/ogabassey/contactscleaner/data/detector/DuplicateDetector.kt
  src/main/java/com/ogabassey/contactscleaner/data/detector/FormatDetector.kt
  src/main/java/com/ogabassey/contactscleaner/data/detector/JunkDetector.kt
  src/main/java/com/ogabassey/contactscleaner/data/parser/ContactImportParser.kt
  src/main/java/com/ogabassey/contactscleaner/data/repository/BackupRepositoryImpl.kt
  src/main/java/com/ogabassey/contactscleaner/data/repository/ContactRepositoryImpl.kt
  src/main/java/com/ogabassey/contactscleaner/data/repository/FileServiceImpl.kt
  src/main/java/com/ogabassey/contactscleaner/data/repository/RevenueCatBillingRepository.kt
  src/main/java/com/ogabassey/contactscleaner/data/repository/ScanSettingsRepository.kt
  src/main/java/com/ogabassey/contactscleaner/data/source/ContactsProviderSource.kt
  src/main/java/com/ogabassey/contactscleaner/data/util/ScanResultProvider.kt
  src/main/java/com/ogabassey/contactscleaner/data/worker/ContactSyncWorker.kt
  src/main/java/com/ogabassey/contactscleaner/di/AppModule.kt
  src/main/java/com/ogabassey/contactscleaner/di/DataModule.kt
  src/main/java/com/ogabassey/contactscleaner/domain/model/Billing.kt
  src/main/java/com/ogabassey/contactscleaner/domain/model/CleanupStatus.kt
  src/main/java/com/ogabassey/contactscleaner/domain/model/Contact.kt
  src/main/java/com/ogabassey/contactscleaner/domain/model/Resource.kt
  src/main/java/com/ogabassey/contactscleaner/domain/model/ScanStatus.kt
  src/main/java/com/ogabassey/contactscleaner/domain/repository/BackupRepository.kt
  src/main/java/com/ogabassey/contactscleaner/domain/repository/BillingRepository.kt
  src/main/java/com/ogabassey/contactscleaner/domain/repository/ContactRepository.kt
  src/main/java/com/ogabassey/contactscleaner/domain/repository/FileService.kt
  src/main/java/com/ogabassey/contactscleaner/domain/usecase/CleanupContactsUseCase.kt
  src/main/java/com/ogabassey/contactscleaner/domain/usecase/ExportUseCase.kt
  src/main/java/com/ogabassey/contactscleaner/domain/usecase/GetContactsPagedUseCase.kt
  src/main/java/com/ogabassey/contactscleaner/domain/usecase/ImportContactsUseCase.kt
  src/main/java/com/ogabassey/contactscleaner/domain/usecase/ScanContactsUseCase.kt
  src/main/java/com/ogabassey/contactscleaner/domain/usecase/UndoUseCase.kt
  src/main/java/com/ogabassey/contactscleaner/ui/components/Glassy.kt
  src/main/java/com/ogabassey/contactscleaner/ui/dashboard/DashboardScreen.kt
  src/main/java/com/ogabassey/contactscleaner/ui/dashboard/DashboardViewModel.kt
  src/main/java/com/ogabassey/contactscleaner/ui/history/RecentActionsScreen.kt
  src/main/java/com/ogabassey/contactscleaner/ui/history/RecentActionsViewModel.kt
  src/main/java/com/ogabassey/contactscleaner/ui/navigation/AppNavigation.kt
  src/main/java/com/ogabassey/contactscleaner/ui/paywall/PaywallScreen.kt
  src/main/java/com/ogabassey/contactscleaner/ui/paywall/PaywallViewModel.kt
  src/main/java/com/ogabassey/contactscleaner/ui/paywall/Skeleton.kt
  src/main/java/com/ogabassey/contactscleaner/ui/results/ResultComponents.kt
  src/main/java/com/ogabassey/contactscleaner/ui/results/ResultsViewModel.kt
  src/main/java/com/ogabassey/contactscleaner/ui/results/ScanResultsDetailScreen.kt
  src/main/java/com/ogabassey/contactscleaner/ui/results/ScanResultsScreen.kt
  src/main/java/com/ogabassey/contactscleaner/ui/theme/Color.kt
  src/main/java/com/ogabassey/contactscleaner/ui/theme/Theme.kt
  src/main/java/com/ogabassey/contactscleaner/ui/theme/Type.kt
  src/main/java/com/ogabassey/contactscleaner/ui/tools/ExportScreen.kt
  src/main/java/com/ogabassey/contactscleaner/ui/tools/ExportViewModel.kt
  src/main/java/com/ogabassey/contactscleaner/ui/tools/NumberStandardizerScreen.kt
  build/generated/source/buildConfig/debug/com/ogabassey/contactscleaner/BuildConfig.java

Dirty / All: 100.00%

